0 info it worked if it ends with ok
1 verbose cli [ 'C:\\nodejs\\node.exe',
1 verbose cli   'C:\\Users\\salvo\\AppData\\Roaming\\npm\\node_modules\\npm\\bin\\npm-cli.js',
1 verbose cli   'run',
1 verbose cli   'test' ]
2 info using npm@3.10.9
3 info using node@v6.9.1
4 verbose run-script [ 'pretest', 'test', 'posttest' ]
5 info lifecycle voting-server@1.0.0~pretest: voting-server@1.0.0
6 silly lifecycle voting-server@1.0.0~pretest: no script for pretest, continuing
7 info lifecycle voting-server@1.0.0~test: voting-server@1.0.0
8 verbose lifecycle voting-server@1.0.0~test: unsafe-perm in lifecycle true
9 verbose lifecycle voting-server@1.0.0~test: PATH: C:\Users\salvo\AppData\Roaming\npm\node_modules\npm\bin\node-gyp-bin;C:\Users\salvo\git2\voting-server\node_modules\.bin;D:\Ruby23-x64\bin;C:\Program Files\ImageMagick-7.0.1-Q16;C:\ProgramData\Oracle\Java\javapath;C:\WINDOWS\system32;C:\WINDOWS;C:\WINDOWS\System32\Wbem;C:\WINDOWS\System32\WindowsPowerShell\v1.0\;C:\Program Files\Calibre2\;C:\Program Files (x86)\Skype\Phone\;C:\Program Files\Microsoft\Web Platform Installer\;C:\Program Files\Google\Google Apps Migration\;C:\Program Files (x86)\InfoCert\DikeIC\;C:\Program Files (x86)\QuickTime\QTSystem\;C:\nodejs\;C:\Program Files\Git\cmd;C:\Users\salvo\AppData\Local\atom\bin;C:\Users\salvo\AppData\Local\Microsoft\WindowsApps;C:\Users\salvo\AppData\Roaming\npm;D:\Microsoft VS Code\bin
10 verbose lifecycle voting-server@1.0.0~test: CWD: C:\Users\salvo\git2\voting-server
11 silly lifecycle voting-server@1.0.0~test: Args: [ '/d /s /c',
11 silly lifecycle   'mocha --compilers js:babel-core/register --require ./test/test_helper.js  --recursive' ]
12 silly lifecycle voting-server@1.0.0~test: Returned: code: 2  signal: null
13 info lifecycle voting-server@1.0.0~test: Failed to exec test script
14 verbose stack Error: voting-server@1.0.0 test: `mocha --compilers js:babel-core/register --require ./test/test_helper.js  --recursive`
14 verbose stack Exit status 2
14 verbose stack     at EventEmitter.<anonymous> (C:\Users\salvo\AppData\Roaming\npm\node_modules\npm\lib\utils\lifecycle.js:255:16)
14 verbose stack     at emitTwo (events.js:106:13)
14 verbose stack     at EventEmitter.emit (events.js:191:7)
14 verbose stack     at ChildProcess.<anonymous> (C:\Users\salvo\AppData\Roaming\npm\node_modules\npm\lib\utils\spawn.js:40:14)
14 verbose stack     at emitTwo (events.js:106:13)
14 verbose stack     at ChildProcess.emit (events.js:191:7)
14 verbose stack     at maybeClose (internal/child_process.js:877:16)
14 verbose stack     at Process.ChildProcess._handle.onexit (internal/child_process.js:226:5)
15 verbose pkgid voting-server@1.0.0
16 verbose cwd C:\Users\salvo\git2\voting-server
17 error Windows_NT 10.0.14393
18 error argv "C:\\nodejs\\node.exe" "C:\\Users\\salvo\\AppData\\Roaming\\npm\\node_modules\\npm\\bin\\npm-cli.js" "run" "test"
19 error node v6.9.1
20 error npm  v3.10.9
21 error code ELIFECYCLE
22 error voting-server@1.0.0 test: `mocha --compilers js:babel-core/register --require ./test/test_helper.js  --recursive`
22 error Exit status 2
23 error Failed at the voting-server@1.0.0 test script 'mocha --compilers js:babel-core/register --require ./test/test_helper.js  --recursive'.
23 error Make sure you have the latest version of node.js and npm installed.
23 error If you do, this is most likely a problem with the voting-server package,
23 error not with npm itself.
23 error Tell the author that this fails on your system:
23 error     mocha --compilers js:babel-core/register --require ./test/test_helper.js  --recursive
23 error You can get information on how to open an issue for this project with:
23 error     npm bugs voting-server
23 error Or if that isn't available, you can get their info via:
23 error     npm owner ls voting-server
23 error There is likely additional logging output above.
24 verbose exit [ 1, true ]
